[0.017s] Invoking command in '/home/sakshi/ignitio/ros2_ws/build/mars_rover_navigation': CMAKE_PREFIX_PATH=/opt/ros/humble /usr/bin/cmake /home/sakshi/ignitio/ros2_ws/src/mars_rover_navigation -DAMENT_CMAKE_SYMLINK_INSTALL=1 -DCMAKE_INSTALL_PREFIX=/home/sakshi/ignitio/ros2_ws/install/mars_rover_navigation
[0.070s] -- Found ament_cmake: 1.3.12 (/opt/ros/humble/share/ament_cmake/cmake)
[0.205s] -- Override CMake install command with custom implementation using symlinks instead of copying resources
[0.232s] -- Found rclcpp: 16.0.16 (/opt/ros/humble/share/rclcpp/cmake)
[0.280s] -- Found rosidl_generator_c: 3.1.7 (/opt/ros/humble/share/rosidl_generator_c/cmake)
[0.284s] -- Found rosidl_adapter: 3.1.7 (/opt/ros/humble/share/rosidl_adapter/cmake)
[0.293s] -- Found rosidl_generator_cpp: 3.1.7 (/opt/ros/humble/share/rosidl_generator_cpp/cmake)
[0.308s] -- Using all available rosidl_typesupport_c: rosidl_typesupport_fastrtps_c;rosidl_typesupport_introspection_c
[0.324s] -- Using all available rosidl_typesupport_cpp: rosidl_typesupport_fastrtps_cpp;rosidl_typesupport_introspection_cpp
[0.373s] -- Found rmw_implementation_cmake: 6.1.2 (/opt/ros/humble/share/rmw_implementation_cmake/cmake)
[0.375s] -- Found rmw_fastrtps_cpp: 6.2.9 (/opt/ros/humble/share/rmw_fastrtps_cpp/cmake)
[0.498s] -- Using RMW implementation 'rmw_fastrtps_cpp' as default
[0.563s] -- Found sensor_msgs: 4.9.0 (/opt/ros/humble/share/sensor_msgs/cmake)
[0.598s] -- Found nav_msgs: 4.9.0 (/opt/ros/humble/share/nav_msgs/cmake)
[0.618s] -- Found visualization_msgs: 4.9.0 (/opt/ros/humble/share/visualization_msgs/cmake)
[0.638s] -- Found tf2_ros: 0.25.17 (/opt/ros/humble/share/tf2_ros/cmake)
[0.764s] -- Eigen found (include: /usr/include/eigen3, version: 3.4.0)
[0.806s] -- FLANN found (include: /usr/include, lib: /usr/lib/x86_64-linux-gnu/libflann_cpp.so)
[1.250s] -- OpenNI found (version: 1.5.4.0, include: /usr/include/ni, lib: /usr/lib/libOpenNI.so;libusb::libusb)
[1.257s] -- OpenNI2 found (version: 2.2.0.33, include: /usr/include/openni2, lib: /usr/lib/x86_64-linux-gnu/libOpenNI2.so;libusb::libusb)
[1.257s] [0m** WARNING ** io features related to pcap will be disabled[0m
[1.384s] -- Eigen found (include: /usr/include/eigen3, version: 3.4.0)
[1.390s] -- OpenNI found (version: 1.5.4.0, include: /usr/include/ni, lib: /usr/lib/libOpenNI.so;libusb::libusb)
[1.396s] -- OpenNI2 found (version: 2.2.0.33, include: /usr/include/openni2, lib: /usr/lib/x86_64-linux-gnu/libOpenNI2.so;libusb::libusb)
[1.515s] -- Found Qhull version 8.0.2
[1.639s] -- OpenNI found (version: 1.5.4.0, include: /usr/include/ni, lib: /usr/lib/libOpenNI.so;libusb::libusb)
[1.758s] -- looking for PCL_COMMON
[1.758s] -- looking for PCL_KDTREE
[1.758s] -- looking for PCL_OCTREE
[1.759s] -- looking for PCL_SEARCH
[1.759s] -- looking for PCL_SAMPLE_CONSENSUS
[1.759s] -- looking for PCL_FILTERS
[1.759s] -- looking for PCL_2D
[1.759s] -- looking for PCL_GEOMETRY
[1.760s] -- looking for PCL_IO
[1.760s] -- looking for PCL_FEATURES
[1.760s] -- looking for PCL_ML
[1.760s] -- looking for PCL_SEGMENTATION
[1.761s] -- looking for PCL_VISUALIZATION
[1.761s] -- looking for PCL_SURFACE
[1.761s] -- looking for PCL_REGISTRATION
[1.761s] -- looking for PCL_KEYPOINTS
[1.762s] -- looking for PCL_TRACKING
[1.762s] -- looking for PCL_RECOGNITION
[1.762s] -- looking for PCL_STEREO
[1.762s] -- looking for PCL_APPS
[1.763s] -- looking for PCL_IN_HAND_SCANNER
[1.763s] -- looking for PCL_MODELER
[1.763s] -- looking for PCL_POINT_CLOUD_EDITOR
[1.763s] -- looking for PCL_OUTOFCORE
[1.764s] -- looking for PCL_PEOPLE
[1.766s] -- Found pcl_conversions: 2.4.5 (/opt/ros/humble/share/pcl_conversions/cmake)
[1.854s] -- Configuring done
[1.931s] -- Generating done
[1.940s] -- Build files have been written to: /home/sakshi/ignitio/ros2_ws/build/mars_rover_navigation
[1.954s] Invoked command in '/home/sakshi/ignitio/ros2_ws/build/mars_rover_navigation' returned '0': CMAKE_PREFIX_PATH=/opt/ros/humble /usr/bin/cmake /home/sakshi/ignitio/ros2_ws/src/mars_rover_navigation -DAMENT_CMAKE_SYMLINK_INSTALL=1 -DCMAKE_INSTALL_PREFIX=/home/sakshi/ignitio/ros2_ws/install/mars_rover_navigation
[1.956s] Invoking command in '/home/sakshi/ignitio/ros2_ws/build/mars_rover_navigation': CMAKE_PREFIX_PATH=/opt/ros/humble /usr/bin/cmake --build /home/sakshi/ignitio/ros2_ws/build/mars_rover_navigation -- -j16 -l16
[1.999s] [35m[1mConsolidate compiler generated dependencies of target object_detector[0m
[2.052s] [ 50%] [32mBuilding CXX object CMakeFiles/object_detector.dir/src/object_detector.cpp.o[0m
[9.216s] [100%] [32m[1mLinking CXX executable object_detector[0m
[10.224s] [100%] Built target object_detector
[10.235s] Invoked command in '/home/sakshi/ignitio/ros2_ws/build/mars_rover_navigation' returned '0': CMAKE_PREFIX_PATH=/opt/ros/humble /usr/bin/cmake --build /home/sakshi/ignitio/ros2_ws/build/mars_rover_navigation -- -j16 -l16
[10.246s] Invoking command in '/home/sakshi/ignitio/ros2_ws/build/mars_rover_navigation': CMAKE_PREFIX_PATH=/opt/ros/humble /usr/bin/cmake --install /home/sakshi/ignitio/ros2_ws/build/mars_rover_navigation
[10.253s] -- Install configuration: ""
[10.254s] -- Execute custom install script
[10.254s] -- Up-to-date symlink: /home/sakshi/ignitio/ros2_ws/install/mars_rover_navigation/lib/mars_rover_navigation/object_detector
[10.255s] -- Up-to-date symlink: /home/sakshi/ignitio/ros2_ws/install/mars_rover_navigation/share/mars_rover_navigation/launch/rover_navigation.launch.py
[10.255s] -- Up-to-date symlink: /home/sakshi/ignitio/ros2_ws/install/mars_rover_navigation/share/mars_rover_navigation/launch/test_lidar.launch.py
[10.255s] -- Up-to-date symlink: /home/sakshi/ignitio/ros2_ws/install/mars_rover_navigation/share/mars_rover_navigation/config/nav2_params.yaml
[10.255s] -- Up-to-date symlink: /home/sakshi/ignitio/ros2_ws/install/mars_rover_navigation/share/ament_index/resource_index/package_run_dependencies/mars_rover_navigation
[10.255s] -- Up-to-date symlink: /home/sakshi/ignitio/ros2_ws/install/mars_rover_navigation/share/ament_index/resource_index/parent_prefix_path/mars_rover_navigation
[10.255s] -- Up-to-date symlink: /home/sakshi/ignitio/ros2_ws/install/mars_rover_navigation/share/mars_rover_navigation/environment/ament_prefix_path.sh
[10.255s] -- Up-to-date symlink: /home/sakshi/ignitio/ros2_ws/install/mars_rover_navigation/share/mars_rover_navigation/environment/ament_prefix_path.dsv
[10.256s] -- Up-to-date symlink: /home/sakshi/ignitio/ros2_ws/install/mars_rover_navigation/share/mars_rover_navigation/environment/path.sh
[10.256s] -- Up-to-date symlink: /home/sakshi/ignitio/ros2_ws/install/mars_rover_navigation/share/mars_rover_navigation/environment/path.dsv
[10.256s] -- Up-to-date symlink: /home/sakshi/ignitio/ros2_ws/install/mars_rover_navigation/share/mars_rover_navigation/local_setup.bash
[10.256s] -- Up-to-date symlink: /home/sakshi/ignitio/ros2_ws/install/mars_rover_navigation/share/mars_rover_navigation/local_setup.sh
[10.256s] -- Up-to-date symlink: /home/sakshi/ignitio/ros2_ws/install/mars_rover_navigation/share/mars_rover_navigation/local_setup.zsh
[10.256s] -- Up-to-date symlink: /home/sakshi/ignitio/ros2_ws/install/mars_rover_navigation/share/mars_rover_navigation/local_setup.dsv
[10.256s] -- Symlinking: /home/sakshi/ignitio/ros2_ws/install/mars_rover_navigation/share/mars_rover_navigation/package.dsv
[10.265s] -- Up-to-date symlink: /home/sakshi/ignitio/ros2_ws/install/mars_rover_navigation/share/ament_index/resource_index/packages/mars_rover_navigation
[10.266s] -- Up-to-date symlink: /home/sakshi/ignitio/ros2_ws/install/mars_rover_navigation/share/mars_rover_navigation/cmake/mars_rover_navigationConfig.cmake
[10.266s] -- Up-to-date symlink: /home/sakshi/ignitio/ros2_ws/install/mars_rover_navigation/share/mars_rover_navigation/cmake/mars_rover_navigationConfig-version.cmake
[10.266s] -- Up-to-date symlink: /home/sakshi/ignitio/ros2_ws/install/mars_rover_navigation/share/mars_rover_navigation/package.xml
[10.268s] Invoked command in '/home/sakshi/ignitio/ros2_ws/build/mars_rover_navigation' returned '0': CMAKE_PREFIX_PATH=/opt/ros/humble /usr/bin/cmake --install /home/sakshi/ignitio/ros2_ws/build/mars_rover_navigation
