[0.015s] Invoking command in '/home/sakshi/ignitio/ros2_ws/build/mars_rover_navigation': CMAKE_PREFIX_PATH=/opt/ros/humble /usr/bin/cmake --build /home/sakshi/ignitio/ros2_ws/build/mars_rover_navigation -- -j16 -l16
[0.210s] [100%] Built target object_detector
[0.225s] Invoked command in '/home/sakshi/ignitio/ros2_ws/build/mars_rover_navigation' returned '0': CMAKE_PREFIX_PATH=/opt/ros/humble /usr/bin/cmake --build /home/sakshi/ignitio/ros2_ws/build/mars_rover_navigation -- -j16 -l16
[0.237s] Invoking command in '/home/sakshi/ignitio/ros2_ws/build/mars_rover_navigation': CMAKE_PREFIX_PATH=/opt/ros/humble /usr/bin/cmake --install /home/sakshi/ignitio/ros2_ws/build/mars_rover_navigation
[0.246s] -- Install configuration: ""
[0.247s] -- Execute custom install script
[0.247s] -- Up-to-date symlink: /home/sakshi/ignitio/ros2_ws/install/mars_rover_navigation/lib/mars_rover_navigation/object_detector
[0.248s] -- Up-to-date symlink: /home/sakshi/ignitio/ros2_ws/install/mars_rover_navigation/share/mars_rover_navigation/launch/rover_navigation.launch.py
[0.248s] -- Up-to-date symlink: /home/sakshi/ignitio/ros2_ws/install/mars_rover_navigation/share/mars_rover_navigation/launch/test_lidar.launch.py
[0.248s] -- Up-to-date symlink: /home/sakshi/ignitio/ros2_ws/install/mars_rover_navigation/share/mars_rover_navigation/config/nav2_params.yaml
[0.248s] -- Up-to-date symlink: /home/sakshi/ignitio/ros2_ws/install/mars_rover_navigation/share/ament_index/resource_index/package_run_dependencies/mars_rover_navigation
[0.248s] -- Up-to-date symlink: /home/sakshi/ignitio/ros2_ws/install/mars_rover_navigation/share/ament_index/resource_index/parent_prefix_path/mars_rover_navigation
[0.249s] -- Up-to-date symlink: /home/sakshi/ignitio/ros2_ws/install/mars_rover_navigation/share/mars_rover_navigation/environment/ament_prefix_path.sh
[0.249s] -- Up-to-date symlink: /home/sakshi/ignitio/ros2_ws/install/mars_rover_navigation/share/mars_rover_navigation/environment/ament_prefix_path.dsv
[0.249s] -- Up-to-date symlink: /home/sakshi/ignitio/ros2_ws/install/mars_rover_navigation/share/mars_rover_navigation/environment/path.sh
[0.249s] -- Up-to-date symlink: /home/sakshi/ignitio/ros2_ws/install/mars_rover_navigation/share/mars_rover_navigation/environment/path.dsv
[0.249s] -- Up-to-date symlink: /home/sakshi/ignitio/ros2_ws/install/mars_rover_navigation/share/mars_rover_navigation/local_setup.bash
[0.249s] -- Up-to-date symlink: /home/sakshi/ignitio/ros2_ws/install/mars_rover_navigation/share/mars_rover_navigation/local_setup.sh
[0.250s] -- Up-to-date symlink: /home/sakshi/ignitio/ros2_ws/install/mars_rover_navigation/share/mars_rover_navigation/local_setup.zsh
[0.250s] -- Up-to-date symlink: /home/sakshi/ignitio/ros2_ws/install/mars_rover_navigation/share/mars_rover_navigation/local_setup.dsv
[0.250s] -- Symlinking: /home/sakshi/ignitio/ros2_ws/install/mars_rover_navigation/share/mars_rover_navigation/package.dsv
[0.260s] -- Up-to-date symlink: /home/sakshi/ignitio/ros2_ws/install/mars_rover_navigation/share/ament_index/resource_index/packages/mars_rover_navigation
[0.261s] -- Up-to-date symlink: /home/sakshi/ignitio/ros2_ws/install/mars_rover_navigation/share/mars_rover_navigation/cmake/mars_rover_navigationConfig.cmake
[0.261s] -- Up-to-date symlink: /home/sakshi/ignitio/ros2_ws/install/mars_rover_navigation/share/mars_rover_navigation/cmake/mars_rover_navigationConfig-version.cmake
[0.261s] -- Up-to-date symlink: /home/sakshi/ignitio/ros2_ws/install/mars_rover_navigation/share/mars_rover_navigation/package.xml
[0.263s] Invoked command in '/home/sakshi/ignitio/ros2_ws/build/mars_rover_navigation' returned '0': CMAKE_PREFIX_PATH=/opt/ros/humble /usr/bin/cmake --install /home/sakshi/ignitio/ros2_ws/build/mars_rover_navigation
